# JRE version: OpenJDK Runtime Environment (17.0.11) (build 17.0.11+0--11852314)
# Java VM: OpenJDK 64-Bit Server VM (17.0.11+0--11852314, mixed mode, tiered, compressed oops, compressed class ptrs, g1 gc, windows-amd64)
GC Precious Log:
 CPUs: 8 total, 8 available
 Memory: 8070M
 Large Page Support: Disabled
 NUMA Support: Disabled
 Compressed Oops: Enabled (32-bit)
 Heap Region Size: 1M
 Heap Min Capacity: 8M
 Heap Initial Capacity: 128M
 Heap Max Capacity: 2G
 Pre-touch: Disabled
 Parallel Workers: 8
 Concurrent Workers: 2
 Concurrent Refinement Workers: 8
 Periodic GC: Disabled
Heap:
 garbage-first heap   total 71680K, used 48340K [0x0000000080000000, 0x0000000100000000)
  region size 1024K, 21 young (21504K), 4 survivors (4096K)
 Metaspace       used 47895K, committed 48320K, reserved 1114112K
  class space    used 6547K, committed 6784K, reserved 1048576K
GC Heap History (20 events):
Event: 1.302 GC heap before
{Heap before GC invocations=0 (full 0):
 garbage-first heap   total 131072K, used 26624K [0x0000000080000000, 0x0000000100000000)
  region size 1024K, 23 young (23552K), 0 survivors (0K)
 Metaspace       used 10414K, committed 10560K, reserved 1114112K
  class space    used 1075K, committed 1152K, reserved 1048576K
}
Event: 1.308 GC heap after
{Heap after GC invocations=1 (full 0):
 garbage-first heap   total 131072K, used 10671K [0x0000000080000000, 0x0000000100000000)
  region size 1024K, 3 young (3072K), 3 survivors (3072K)
 Metaspace       used 10414K, committed 10560K, reserved 1114112K
  class space    used 1075K, committed 1152K, reserved 1048576K
}
Event: 2.097 GC heap before
{Heap before GC invocations=1 (full 0):
 garbage-first heap   total 131072K, used 39343K [0x0000000080000000, 0x0000000100000000)
  region size 1024K, 31 young (31744K), 3 survivors (3072K)
 Metaspace       used 11451K, committed 11648K, reserved 1114112K
  class space    used 1196K, committed 1280K, reserved 1048576K
}
Event: 2.103 GC heap after
{Heap after GC invocations=2 (full 0):
 garbage-first heap   total 131072K, used 11678K [0x0000000080000000, 0x0000000100000000)
  region size 1024K, 1 young (1024K), 1 survivors (1024K)
 Metaspace       used 11451K, committed 11648K, reserved 1114112K
  class space    used 1196K, committed 1280K, reserved 1048576K
}
Event: 4.296 GC heap before
{Heap before GC invocations=2 (full 0):
 garbage-first heap   total 131072K, used 62878K [0x0000000080000000, 0x0000000100000000)
  region size 1024K, 51 young (52224K), 1 survivors (1024K)
 Metaspace       used 21283K, committed 21504K, reserved 1114112K
  class space    used 2517K, committed 2624K, reserved 1048576K
}
Event: 4.304 GC heap after
{Heap after GC invocations=3 (full 0):
 garbage-first heap   total 131072K, used 19169K [0x0000000080000000, 0x0000000100000000)
  region size 1024K, 9 young (9216K), 9 survivors (9216K)
 Metaspace       used 21283K, committed 21504K, reserved 1114112K
  class space    used 2517K, committed 2624K, reserved 1048576K
}
Event: 8.859 GC heap before
{Heap before GC invocations=4 (full 0):
 garbage-first heap   total 71680K, used 52961K [0x0000000080000000, 0x0000000100000000)
  region size 1024K, 42 young (43008K), 9 survivors (9216K)
 Metaspace       used 26442K, committed 26688K, reserved 1114112K
  class space    used 3409K, committed 3520K, reserved 1048576K
}
Event: 8.866 GC heap after
{Heap after GC invocations=5 (full 0):
 garbage-first heap   total 71680K, used 20701K [0x0000000080000000, 0x0000000100000000)
  region size 1024K, 2 young (2048K), 2 survivors (2048K)
 Metaspace       used 26442K, committed 26688K, reserved 1114112K
  class space    used 3409K, committed 3520K, reserved 1048576K
}
Event: 9.627 GC heap before
{Heap before GC invocations=5 (full 0):
 garbage-first heap   total 71680K, used 49373K [0x0000000080000000, 0x0000000100000000)
  region size 1024K, 31 young (31744K), 2 survivors (2048K)
 Metaspace       used 30397K, committed 30720K, reserved 1114112K
  class space    used 4071K, committed 4224K, reserved 1048576K
}
Event: 9.630 GC heap after
{Heap after GC invocations=6 (full 0):
 garbage-first heap   total 71680K, used 22430K [0x0000000080000000, 0x0000000100000000)
  region size 1024K, 4 young (4096K), 4 survivors (4096K)
 Metaspace       used 30397K, committed 30720K, reserved 1114112K
  class space    used 4071K, committed 4224K, reserved 1048576K
}
Event: 10.426 GC heap before
{Heap before GC invocations=6 (full 0):
 garbage-first heap   total 71680K, used 52126K [0x0000000080000000, 0x0000000100000000)
  region size 1024K, 33 young (33792K), 4 survivors (4096K)
 Metaspace       used 34010K, committed 34304K, reserved 1114112K
  class space    used 4659K, committed 4800K, reserved 1048576K
}
Event: 10.432 GC heap after
{Heap after GC invocations=7 (full 0):
 garbage-first heap   total 71680K, used 23586K [0x0000000080000000, 0x0000000100000000)
  region size 1024K, 4 young (4096K), 4 survivors (4096K)
 Metaspace       used 34010K, committed 34304K, reserved 1114112K
  class space    used 4659K, committed 4800K, reserved 1048576K
}
Event: 10.663 GC heap before
{Heap before GC invocations=7 (full 0):
 garbage-first heap   total 71680K, used 32802K [0x0000000080000000, 0x0000000100000000)
  region size 1024K, 15 young (15360K), 4 survivors (4096K)
 Metaspace       used 35815K, committed 36096K, reserved 1114112K
  class space    used 4906K, committed 5056K, reserved 1048576K
}
Event: 10.667 GC heap after
{Heap after GC invocations=8 (full 0):
 garbage-first heap   total 71680K, used 23987K [0x0000000080000000, 0x0000000100000000)
  region size 1024K, 2 young (2048K), 2 survivors (2048K)
 Metaspace       used 35815K, committed 36096K, reserved 1114112K
  class space    used 4906K, committed 5056K, reserved 1048576K
}
Event: 11.827 GC heap before
{Heap before GC invocations=9 (full 0):
 garbage-first heap   total 71680K, used 53683K [0x0000000080000000, 0x0000000100000000)
  region size 1024K, 32 young (32768K), 2 survivors (2048K)
 Metaspace       used 41352K, committed 41728K, reserved 1114112K
  class space    used 5479K, committed 5632K, reserved 1048576K
}
Event: 11.833 GC heap after
{Heap after GC invocations=10 (full 0):
 garbage-first heap   total 71680K, used 28096K [0x0000000080000000, 0x0000000100000000)
  region size 1024K, 4 young (4096K), 4 survivors (4096K)
 Metaspace       used 41352K, committed 41728K, reserved 1114112K
  class space    used 5479K, committed 5632K, reserved 1048576K
}
Event: 12.976 GC heap before
{Heap before GC invocations=10 (full 0):
 garbage-first heap   total 71680K, used 55744K [0x0000000080000000, 0x0000000100000000)
  region size 1024K, 31 young (31744K), 4 survivors (4096K)
 Metaspace       used 42472K, committed 42816K, reserved 1114112K
  class space    used 5658K, committed 5824K, reserved 1048576K
}
Event: 12.982 GC heap after
{Heap after GC invocations=11 (full 0):
 garbage-first heap   total 71680K, used 30163K [0x0000000080000000, 0x0000000100000000)
  region size 1024K, 2 young (2048K), 2 survivors (2048K)
 Metaspace       used 42472K, committed 42816K, reserved 1114112K
  class space    used 5658K, committed 5824K, reserved 1048576K
}
Event: 15.761 GC heap before
{Heap before GC invocations=11 (full 0):
 garbage-first heap   total 71680K, used 56787K [0x0000000080000000, 0x0000000100000000)
  region size 1024K, 28 young (28672K), 2 survivors (2048K)
 Metaspace       used 45797K, committed 46272K, reserved 1114112K
  class space    used 6217K, committed 6464K, reserved 1048576K
}
Event: 15.767 GC heap after
{Heap after GC invocations=12 (full 0):
 garbage-first heap   total 71680K, used 31956K [0x0000000080000000, 0x0000000100000000)
  region size 1024K, 4 young (4096K), 4 survivors (4096K)
 Metaspace       used 45797K, committed 46272K, reserved 1114112K
  class space    used 6217K, committed 6464K, reserved 1048576K
}

