# JRE version: OpenJDK Runtime Environment (17.0.11) (build 17.0.11+0--11852314)
# Java VM: OpenJDK 64-Bit Server VM (17.0.11+0--11852314, mixed mode, tiered, compressed oops, compressed class ptrs, g1 gc, windows-amd64)
GC Precious Log:
 CPUs: 8 total, 8 available
 Memory: 8070M
 Large Page Support: Disabled
 NUMA Support: Disabled
 Compressed Oops: Enabled (32-bit)
 Heap Region Size: 1M
 Heap Min Capacity: 8M
 Heap Initial Capacity: 128M
 Heap Max Capacity: 2G
 Pre-touch: Disabled
 Parallel Workers: 8
 Concurrent Workers: 2
 Concurrent Refinement Workers: 8
 Periodic GC: Disabled
Heap:
 garbage-first heap   total 142336K, used 85182K [0x0000000080000000, 0x0000000100000000)
  region size 1024K, 2 young (2048K), 2 survivors (2048K)
 Metaspace       used 83667K, committed 84352K, reserved 1179648K
  class space    used 11400K, committed 11712K, reserved 1048576K
GC Heap History (20 events):
Event: 13.397 GC heap after
{Heap after GC invocations=19 (full 0):
 garbage-first heap   total 111616K, used 62886K [0x0000000080000000, 0x0000000100000000)
  region size 1024K, 1 young (1024K), 1 survivors (1024K)
 Metaspace       used 61970K, committed 62528K, reserved 1114112K
  class space    used 8430K, committed 8704K, reserved 1048576K
}
Event: 14.033 GC heap before
{Heap before GC invocations=19 (full 0):
 garbage-first heap   total 111616K, used 90534K [0x0000000080000000, 0x0000000100000000)
  region size 1024K, 29 young (29696K), 1 survivors (1024K)
 Metaspace       used 65047K, committed 65664K, reserved 1114112K
  class space    used 8861K, committed 9152K, reserved 1048576K
}
Event: 14.039 GC heap after
{Heap after GC invocations=20 (full 0):
 garbage-first heap   total 111616K, used 63646K [0x0000000080000000, 0x0000000100000000)
  region size 1024K, 2 young (2048K), 2 survivors (2048K)
 Metaspace       used 65047K, committed 65664K, reserved 1114112K
  class space    used 8861K, committed 9152K, reserved 1048576K
}
Event: 14.646 GC heap before
{Heap before GC invocations=21 (full 0):
 garbage-first heap   total 112640K, used 97438K [0x0000000080000000, 0x0000000100000000)
  region size 1024K, 30 young (30720K), 2 survivors (2048K)
 Metaspace       used 67404K, committed 68032K, reserved 1114112K
  class space    used 9174K, committed 9472K, reserved 1048576K
}
Event: 14.651 GC heap after
{Heap after GC invocations=22 (full 0):
 garbage-first heap   total 112640K, used 68415K [0x0000000080000000, 0x0000000100000000)
  region size 1024K, 4 young (4096K), 4 survivors (4096K)
 Metaspace       used 67404K, committed 68032K, reserved 1114112K
  class space    used 9174K, committed 9472K, reserved 1048576K
}
Event: 14.669 GC heap before
{Heap before GC invocations=22 (full 0):
 garbage-first heap   total 112640K, used 69439K [0x0000000080000000, 0x0000000100000000)
  region size 1024K, 5 young (5120K), 4 survivors (4096K)
 Metaspace       used 67456K, committed 68032K, reserved 1114112K
  class space    used 9188K, committed 9472K, reserved 1048576K
}
Event: 14.678 GC heap after
{Heap after GC invocations=23 (full 0):
 garbage-first heap   total 135168K, used 69018K [0x0000000080000000, 0x0000000100000000)
  region size 1024K, 1 young (1024K), 1 survivors (1024K)
 Metaspace       used 67456K, committed 68032K, reserved 1114112K
  class space    used 9188K, committed 9472K, reserved 1048576K
}
Event: 15.419 GC heap before
{Heap before GC invocations=23 (full 0):
 garbage-first heap   total 135168K, used 109978K [0x0000000080000000, 0x0000000100000000)
  region size 1024K, 41 young (41984K), 1 survivors (1024K)
 Metaspace       used 70442K, committed 71040K, reserved 1114112K
  class space    used 9577K, committed 9856K, reserved 1048576K
}
Event: 15.425 GC heap after
{Heap after GC invocations=24 (full 0):
 garbage-first heap   total 135168K, used 70521K [0x0000000080000000, 0x0000000100000000)
  region size 1024K, 2 young (2048K), 2 survivors (2048K)
 Metaspace       used 70442K, committed 71040K, reserved 1114112K
  class space    used 9577K, committed 9856K, reserved 1048576K
}
Event: 16.352 GC heap before
{Heap before GC invocations=25 (full 0):
 garbage-first heap   total 135168K, used 115577K [0x0000000080000000, 0x0000000100000000)
  region size 1024K, 42 young (43008K), 2 survivors (2048K)
 Metaspace       used 74080K, committed 74688K, reserved 1114112K
  class space    used 10069K, committed 10368K, reserved 1048576K
}
Event: 16.358 GC heap after
{Heap after GC invocations=26 (full 0):
 garbage-first heap   total 135168K, used 77412K [0x0000000080000000, 0x0000000100000000)
  region size 1024K, 5 young (5120K), 5 survivors (5120K)
 Metaspace       used 74080K, committed 74688K, reserved 1114112K
  class space    used 10069K, committed 10368K, reserved 1048576K
}
Event: 16.376 GC heap before
{Heap before GC invocations=26 (full 0):
 garbage-first heap   total 135168K, used 78436K [0x0000000080000000, 0x0000000100000000)
  region size 1024K, 6 young (6144K), 5 survivors (5120K)
 Metaspace       used 74175K, committed 74816K, reserved 1114112K
  class space    used 10087K, committed 10432K, reserved 1048576K
}
Event: 16.384 GC heap after
{Heap after GC invocations=27 (full 0):
 garbage-first heap   total 135168K, used 77562K [0x0000000080000000, 0x0000000100000000)
  region size 1024K, 1 young (1024K), 1 survivors (1024K)
 Metaspace       used 74175K, committed 74816K, reserved 1114112K
  class space    used 10087K, committed 10432K, reserved 1048576K
}
Event: 17.018 GC heap before
{Heap before GC invocations=27 (full 0):
 garbage-first heap   total 135168K, used 110330K [0x0000000080000000, 0x0000000100000000)
  region size 1024K, 33 young (33792K), 1 survivors (1024K)
 Metaspace       used 77961K, committed 78592K, reserved 1179648K
  class space    used 10606K, committed 10944K, reserved 1048576K
}
Event: 17.027 GC heap after
{Heap after GC invocations=28 (full 0):
 garbage-first heap   total 135168K, used 78575K [0x0000000080000000, 0x0000000100000000)
  region size 1024K, 2 young (2048K), 2 survivors (2048K)
 Metaspace       used 77961K, committed 78592K, reserved 1179648K
  class space    used 10606K, committed 10944K, reserved 1048576K
}
Event: 17.687 GC heap before
{Heap before GC invocations=29 (full 0):
 garbage-first heap   total 142336K, used 111343K [0x0000000080000000, 0x0000000100000000)
  region size 1024K, 34 young (34816K), 2 survivors (2048K)
 Metaspace       used 80115K, committed 80768K, reserved 1179648K
  class space    used 10904K, committed 11200K, reserved 1048576K
}
Event: 17.694 GC heap after
{Heap after GC invocations=30 (full 0):
 garbage-first heap   total 142336K, used 80305K [0x0000000080000000, 0x0000000100000000)
  region size 1024K, 4 young (4096K), 4 survivors (4096K)
 Metaspace       used 80115K, committed 80768K, reserved 1179648K
  class space    used 10904K, committed 11200K, reserved 1048576K
}
Event: 18.349 GC heap before
{Heap before GC invocations=30 (full 0):
 garbage-first heap   total 142336K, used 118193K [0x0000000080000000, 0x0000000100000000)
  region size 1024K, 41 young (41984K), 4 survivors (4096K)
 Metaspace       used 81247K, committed 81920K, reserved 1179648K
  class space    used 11051K, committed 11392K, reserved 1048576K
}
Event: 18.358 GC heap after
{Heap after GC invocations=31 (full 0):
 garbage-first heap   total 142336K, used 83633K [0x0000000080000000, 0x0000000100000000)
  region size 1024K, 5 young (5120K), 5 survivors (5120K)
 Metaspace       used 81247K, committed 81920K, reserved 1179648K
  class space    used 11051K, committed 11392K, reserved 1048576K
}
Event: 18.939 GC heap before
{Heap before GC invocations=31 (full 0):
 garbage-first heap   total 142336K, used 119473K [0x0000000080000000, 0x0000000100000000)
  region size 1024K, 39 young (39936K), 5 survivors (5120K)
 Metaspace       used 83667K, committed 84352K, reserved 1179648K
  class space    used 11400K, committed 11712K, reserved 1048576K
}

